<?xml version="1.0" encoding="UTF-8"?>
<!-- Generated by org.testng.reporters.JUnitReportReporter -->
<testsuite hostname="DESKTOP-I3BGM4H" failures="0" tests="3" name="com.mydemo.testcases.IndexPageTest" time="33.350" errors="0" timestamp="2022-06-11T00:49:50 IST" skipped="0">
  <testcase classname="com.mydemo.testcases.IndexPageTest" name="verifyLogo" time="9.849"/>
  <system-out/>
  <testcase classname="com.mydemo.testcases.IndexPageTest" name="verifyMystoreTitle" time="7.368"/>
  <system-out/>
  <testcase classname="com.mydemo.testcases.IndexPageTest" name="verifyserchProduct" time="16.133"/>
  <system-out/>
</testsuite> <!-- com.mydemo.testcases.IndexPageTest -->
