<?xml version="1.0" encoding="UTF-8"?>
<!-- Generated by org.testng.reporters.JUnitReportReporter -->
<testsuite hostname="DESKTOP-I3BGM4H" failures="0" tests="1" name="com.mydemo.testcases.SearchResultPageTest" time="22.912" errors="0" timestamp="2022-06-11T00:52:47 IST" skipped="0">
  <testcase classname="com.mydemo.testcases.SearchResultPageTest" name="productAvailabilityTest" time="22.912"/>
  <system-out/>
</testsuite> <!-- com.mydemo.testcases.SearchResultPageTest -->
