<?xml version="1.0" encoding="UTF-8"?>
<!-- Generated by org.testng.reporters.JUnitReportReporter -->
<testsuite hostname="DESKTOP-I3BGM4H" failures="0" tests="2" name="com.mydemo.testcases.HomePageTest" time="46.627" errors="0" timestamp="2022-06-11T00:51:28 IST" skipped="0">
  <testcase classname="com.mydemo.testcases.HomePageTest" name="validateMyWishListTest" time="29.939"/>
  <system-out/>
  <testcase classname="com.mydemo.testcases.HomePageTest" name="validateOrderHistoryTest" time="16.688"/>
  <system-out/>
</testsuite> <!-- com.mydemo.testcases.HomePageTest -->
