<?xml version="1.0" encoding="UTF-8"?>
<!-- Generated by org.testng.reporters.JUnitReportReporter -->
<testsuite hostname="DESKTOP-I3BGM4H" failures="0" tests="1" name="com.mydemo.testcases.AccountCreationPageTest" time="15.430" errors="0" timestamp="2022-06-11T00:52:09 IST" skipped="0">
  <testcase classname="com.mydemo.testcases.AccountCreationPageTest" name="validateAcountCreatePageTest" time="15.430"/>
  <system-out/>
</testsuite> <!-- com.mydemo.testcases.AccountCreationPageTest -->
