<?xml version="1.0" encoding="UTF-8"?>
<!-- Generated by org.testng.reporters.JUnitReportReporter -->
<testsuite hostname="DESKTOP-I3BGM4H" failures="0" tests="1" name="com.mydemo.testcases.AddToCartPageTest" time="36.212" errors="0" timestamp="2022-06-11T00:53:38 IST" skipped="0">
  <testcase classname="com.mydemo.testcases.AddToCartPageTest" name="addToCartTest" time="36.212"/>
  <system-out/>
</testsuite> <!-- com.mydemo.testcases.AddToCartPageTest -->
