<?xml version="1.0" encoding="UTF-8"?>
<!-- Generated by org.testng.reporters.JUnitReportReporter -->
<testsuite hostname="DESKTOP-I3BGM4H" failures="0" tests="1" name="com.mydemo.testcases.LoginPageTest" time="22.096" errors="0" timestamp="2022-06-11T00:50:24 IST" skipped="0">
  <testcase classname="com.mydemo.testcases.LoginPageTest" name="loginTest" time="22.096"/>
  <system-out/>
</testsuite> <!-- com.mydemo.testcases.LoginPageTest -->
